{"level":"error","message":"USUARIO NO AUTENTICADO, DEBE LOGUEARSE"}
{"level":"warn","message":"Ruta actual: /styles/logo%20jpb%201.svg, con metodo GET "}
{"level":"warn","message":"Ruta actual: /styles/logo%20jpb%201.svg, con metodo GET "}
{"level":"warn","message":"Ruta actual: /styles/logo%20jpb%201.svg, con metodo GET "}
{"level":"warn","message":"Ruta actual: /styles/logo%20jpb%201.svg, con metodo GET "}
{"level":"warn","message":"Ruta actual: /styles/logo%20jpb%201.svg, con metodo GET "}
{"level":"warn","message":"Ruta actual: /styles/logo%20jpb%201.svg, con metodo GET "}
{"level":"warn","message":"Ruta actual: /styles/logo%20jpb%201.svg, con metodo GET "}
{"level":"warn","message":"Ruta actual: /styles/logo%20jpb%201.svg, con metodo GET "}
{"level":"warn","message":"Ruta actual: /styles/logo%20jpb%201.svg, con metodo GET "}
{"level":"warn","message":"Ruta actual: /styles/logo%20jpb%201.svg, con metodo GET "}
{"level":"warn","message":"Ruta actual: /styles/logo%20jpb%201.svg, con metodo GET "}
{"level":"error","message":"USUARIO NO AUTENTICADO, DEBE LOGUEARSE"}
{"level":"warn","message":"Ruta actual: /styles/logo%20jpb%201.svg, con metodo GET "}
{"level":"warn","message":"Ruta actual: /styles/logo%20jpb%201.svg, con metodo GET "}
{"level":"warn","message":"Ruta actual: /styles/logo%20jpb%201.svg, con metodo GET "}
{"level":"error","message":"USUARIO NO AUTENTICADO, DEBE LOGUEARSE"}
{"level":"warn","message":"Ruta actual: /styles/logo%20jpb%201.svg, con metodo GET "}
{"level":"warn","message":"Ruta actual: /styles/logo%20jpb%201.svg, con metodo GET "}
{"level":"error","message":"USUARIO NO AUTENTICADO, DEBE LOGUEARSE"}
{"level":"warn","message":"Ruta actual: /styles/logo%20jpb%201.svg, con metodo GET "}
{"level":"warn","message":"Ruta actual: /styles/logo%20jpb%201.svg, con metodo GET "}
{"level":"warn","message":"Ruta actual: /styles/logo%20jpb%201.svg, con metodo GET "}
{"level":"warn","message":"Ruta actual: /styles/logo%20jpb%201.svg, con metodo GET "}
{"level":"warn","message":"Ruta actual: /styles/logo%20jpb%201.svg, con metodo GET "}
{"level":"warn","message":"Ruta actual: /styles/logo%20jpb%201.svg, con metodo GET "}
{"level":"warn","message":"Ruta actual: /errorLogin, con metodo GET "}
{"level":"warn","message":"Ruta actual: /favicon.ico, con metodo GET "}
{"level":"error","message":"USUARIO NO AUTENTICADO, DEBE LOGUEARSE"}
{"level":"warn","message":"Ruta actual: /styles/logo%20jpb%201.svg, con metodo GET "}
{"level":"error","message":"USUARIO NO AUTENTICADO, DEBE LOGUEARSE"}
{"level":"warn","message":"Ruta actual: /styles/logo%20jpb%201.svg, con metodo GET "}
{"level":"warn","message":"Ruta actual: /styles/logo%20jpb%201.svg, con metodo GET "}
{"level":"warn","message":"Ruta actual: /styles/logo%20jpb%201.svg, con metodo GET "}
{"level":"error","message":"USUARIO NO AUTENTICADO, DEBE LOGUEARSE"}
{"level":"warn","message":"Ruta actual: /styles/logo%20jpb%201.svg, con metodo GET "}
{"level":"warn","message":"Ruta actual: /styles/logo%20jpb%201.svg, con metodo GET "}
{"level":"warn","message":"Ruta actual: /styles/logo%20jpb%201.svg, con metodo GET "}
{"level":"warn","message":"Ruta actual: /styles/logo%20jpb%201.svg, con metodo GET "}
{"level":"warn","message":"Ruta actual: /styles/logo%20jpb%201.svg, con metodo GET "}
{"level":"warn","message":"Ruta actual: /styles/logo%20jpb%201.svg, con metodo GET "}
{"level":"warn","message":"Ruta actual: /styles/logo%20jpb%201.svg, con metodo GET "}
{"level":"warn","message":"Ruta actual: /styles/logo%20jpb%201.svg, con metodo GET "}
{"level":"warn","message":"Ruta actual: /styles/logo%20jpb%201.svg, con metodo GET "}
{"level":"warn","message":"Ruta actual: /styles/logo%20jpb%201.svg, con metodo GET "}
{"level":"warn","message":"Ruta actual: /favicon.ico, con metodo GET "}
{"level":"warn","message":"Ruta actual: /styles/logo%20jpb%201.svg, con metodo GET "}
{"level":"warn","message":"Ruta actual: /styles/logo%20jpb%201.svg, con metodo GET "}
{"level":"warn","message":"Ruta actual: /logout, con metodo GET "}
{"level":"warn","message":"Ruta actual: /favicon.ico, con metodo GET "}
{"level":"warn","message":"Ruta actual: /styles/logo%20jpb%201.svg, con metodo GET "}
{"level":"warn","message":"Ruta actual: /styles/logo%20jpb%201.svg, con metodo GET "}
{"level":"warn","message":"Ruta actual: /styles/logo%20jpb%201.svg, con metodo GET "}
{"level":"warn","message":"Ruta actual: /logout, con metodo GET "}
{"level":"warn","message":"Ruta actual: /favicon.ico, con metodo GET "}
{"level":"warn","message":"Ruta actual: /styles/logo%20jpb%201.svg, con metodo GET "}
{"level":"warn","message":"Ruta actual: /styles/logo%20jpb%201.svg, con metodo GET "}
{"level":"error","message":"USUARIO NO AUTENTICADO, DEBE LOGUEARSE"}
{"level":"warn","message":"Ruta actual: /styles/logo%20jpb%201.svg, con metodo GET "}
{"level":"warn","message":"Ruta actual: /styles/logo%20jpb%201.svg, con metodo GET "}
{"level":"warn","message":"Ruta actual: /styles/logo%20jpb%201.svg, con metodo GET "}
{"level":"warn","message":"Ruta actual: /styles/logo%20jpb%201.svg, con metodo GET "}
{"level":"error","message":"USUARIO NO AUTENTICADO, DEBE LOGUEARSE"}
{"level":"warn","message":"Ruta actual: /styles/logo%20jpb%201.svg, con metodo GET "}
{"level":"warn","message":"Ruta actual: /logoute, con metodo GET "}
{"level":"warn","message":"Ruta actual: /favicon.ico, con metodo GET "}
{"level":"error","message":"USUARIO NO AUTENTICADO, DEBE LOGUEARSE"}
{"level":"warn","message":"Ruta actual: /styles/logo%20jpb%201.svg, con metodo GET "}
{"level":"error","message":"USUARIO NO AUTENTICADO, DEBE LOGUEARSE"}
{"level":"warn","message":"Ruta actual: /styles/logo%20jpb%201.svg, con metodo GET "}
{"level":"error","message":"USUARIO NO AUTENTICADO, DEBE LOGUEARSE"}
{"level":"warn","message":"Ruta actual: /styles/logo%20jpb%201.svg, con metodo GET "}
{"level":"warn","message":"Ruta actual: /styles/logo%20jpb%201.svg, con metodo GET "}
{"level":"warn","message":"Ruta actual: /styles/logo%20jpb%201.svg, con metodo GET "}
{"level":"warn","message":"Ruta actual: /styles/logo%20jpb%201.svg, con metodo GET "}
{"level":"error","message":"USUARIO NO AUTENTICADO, DEBE LOGUEARSE"}
{"level":"warn","message":"Ruta actual: /styles/logo%20jpb%201.svg, con metodo GET "}
{"level":"warn","message":"Ruta actual: /styles/logo%20jpb%201.svg, con metodo GET "}
{"level":"warn","message":"Ruta actual: /styles/logo%20jpb%201.svg, con metodo GET "}
{"level":"warn","message":"Ruta actual: /styles/logo%20jpb%201.svg, con metodo GET "}
{"level":"warn","message":"Ruta actual: /styles/logo%20jpb%201.svg, con metodo GET "}
{"level":"warn","message":"Ruta actual: /styles/logo%20jpb%201.svg, con metodo GET "}
{"level":"warn","message":"Ruta actual: /styles/logo%20jpb%201.svg, con metodo GET "}
{"level":"warn","message":"Ruta actual: /styles/logo%20jpb%201.svg, con metodo GET "}
{"level":"warn","message":"Ruta actual: /styles/logo%20jpb%201.svg, con metodo GET "}
{"level":"warn","message":"Ruta actual: /styles/logo%20jpb%201.svg, con metodo GET "}
{"level":"warn","message":"Ruta actual: /styles/logo%20jpb%201.svg, con metodo GET "}
{"level":"warn","message":"Ruta actual: /styles/logo%20jpb%201.svg, con metodo GET "}
{"level":"warn","message":"Ruta actual: /styles/logo%20jpb%201.svg, con metodo GET "}
{"level":"warn","message":"Ruta actual: /styles/logo%20jpb%201.svg, con metodo GET "}
{"level":"warn","message":"Ruta actual: /styles/logo%20jpb%201.svg, con metodo GET "}
{"level":"warn","message":"Ruta actual: /styles/logo%20jpb%201.svg, con metodo GET "}
{"level":"warn","message":"Ruta actual: /styles/logo%20jpb%201.svg, con metodo GET "}
{"level":"warn","message":"Ruta actual: /styles/logo%20jpb%201.svg, con metodo GET "}
{"level":"error","message":"Usuario no encontrado"}
{"level":"warn","message":"Ruta actual: /errorLogin, con metodo GET "}
{"level":"warn","message":"Ruta actual: /favicon.ico, con metodo GET "}
{"level":"warn","message":"Ruta actual: /favicon.ico, con metodo GET "}
{"level":"warn","message":"Ruta actual: /styles/logo%20jpb%201.svg, con metodo GET "}
{"level":"warn","message":"Ruta actual: /styles/logo%20jpb%201.svg, con metodo GET "}
{"level":"error","message":"Usuario no encontrado"}
{"level":"warn","message":"Ruta actual: /styles/logo%20jpb%201.svg, con metodo GET "}
{"level":"warn","message":"Ruta actual: /styles/logo%20jpb%201.svg, con metodo GET "}
{"level":"warn","message":"Ruta actual: /styles/logo%20jpb%201.svg, con metodo GET "}
{"level":"error","message":"Usuario ya registrado"}
{"level":"warn","message":"Ruta actual: /styles/logo%20jpb%201.svg, con metodo GET "}
{"level":"warn","message":"Ruta actual: /styles/logo%20jpb%201.svg, con metodo GET "}
{"level":"warn","message":"Ruta actual: /styles/logo%20jpb%201.svg, con metodo GET "}
{"level":"warn","message":"Ruta actual: /styles/logo%20jpb%201.svg, con metodo GET "}
{"level":"warn","message":"Ruta actual: /styles/logo%20jpb%201.svg, con metodo GET "}
{"level":"warn","message":"Ruta actual: /styles/logo%20jpb%201.svg, con metodo GET "}
{"level":"error","message":"Usuario no encontrado"}
{"level":"warn","message":"Ruta actual: /styles/logo%20jpb%201.svg, con metodo GET "}
{"level":"warn","message":"Ruta actual: /styles/logo%20jpb%201.svg, con metodo GET "}
{"level":"warn","message":"Ruta actual: /styles/logo%20jpb%201.svg, con metodo GET "}
{"level":"warn","message":"Ruta actual: /styles/logo%20jpb%201.svg, con metodo GET "}
{"level":"warn","message":"Ruta actual: /styles/logo%20jpb%201.svg, con metodo GET "}
{"level":"warn","message":"Ruta actual: /styles/logo%20jpb%201.svg, con metodo GET "}
{"level":"warn","message":"Ruta actual: /styles/logo%20jpb%201.svg, con metodo GET "}
{"level":"warn","message":"Ruta actual: /styles/logo%20jpb%201.svg, con metodo GET "}
{"level":"warn","message":"Ruta actual: /styles/logo%20jpb%201.svg, con metodo GET "}
{"level":"warn","message":"Ruta actual: /styles/logo%20jpb%201.svg, con metodo GET "}
{"level":"error","message":"USUARIO NO AUTENTICADO, DEBE LOGUEARSE"}
{"level":"warn","message":"Ruta actual: /styles/logo%20jpb%201.svg, con metodo GET "}
{"level":"warn","message":"Ruta actual: /styles/logo%20jpb%201.svg, con metodo GET "}
{"level":"warn","message":"Ruta actual: /styles/logo%20jpb%201.svg, con metodo GET "}
{"level":"warn","message":"Ruta actual: /styles/logo%20jpb%201.svg, con metodo GET "}
{"level":"warn","message":"Ruta actual: /errorLogin, con metodo GET "}
{"level":"warn","message":"Ruta actual: /favicon.ico, con metodo GET "}
{"level":"warn","message":"Ruta actual: /error, con metodo GET "}
{"level":"warn","message":"Ruta actual: /favicon.ico, con metodo GET "}
{"level":"warn","message":"Ruta actual: /styles/logo%20jpb%201.svg, con metodo GET "}
{"level":"warn","message":"Ruta actual: /styles/logo%20jpb%201.svg, con metodo GET "}
{"level":"error","message":"USUARIO NO AUTENTICADO, DEBE LOGUEARSE"}
{"level":"warn","message":"Ruta actual: /styles/logo%20jpb%201.svg, con metodo GET "}
{"level":"warn","message":"Ruta actual: /styles/logo%20jpb%201.svg, con metodo GET "}
{"level":"warn","message":"Ruta actual: /styles/logo%20jpb%201.svg, con metodo GET "}
{"level":"warn","message":"Ruta actual: /styles/logo%20jpb%201.svg, con metodo GET "}
{"level":"warn","message":"Ruta actual: /styles/logo%20jpb%201.svg, con metodo GET "}
{"level":"warn","message":"Ruta actual: /styles/logo%20jpb%201.svg, con metodo GET "}
{"level":"warn","message":"Ruta actual: /styles/logo%20jpb%201.svg, con metodo GET "}
{"level":"warn","message":"Ruta actual: /styles/logo%20jpb%201.svg, con metodo GET "}
{"level":"warn","message":"Ruta actual: /styles/logo%20jpb%201.svg, con metodo GET "}
{"level":"warn","message":"Ruta actual: /styles/logo%20jpb%201.svg, con metodo GET "}
{"level":"warn","message":"Ruta actual: /styles/logo%20jpb%201.svg, con metodo GET "}
{"level":"error","message":"USUARIO NO AUTENTICADO, DEBE LOGUEARSE"}
{"level":"warn","message":"Ruta actual: /styles/logo%20jpb%201.svg, con metodo GET "}
{"level":"warn","message":"Ruta actual: /styles/logo%20jpb%201.svg, con metodo GET "}
{"level":"warn","message":"Ruta actual: /styles/logo%20jpb%201.svg, con metodo GET "}
{"level":"error","message":"USUARIO NO AUTENTICADO, DEBE LOGUEARSE"}
{"level":"warn","message":"Ruta actual: /styles/logo%20jpb%201.svg, con metodo GET "}
{"level":"warn","message":"Ruta actual: /styles/logo%20jpb%201.svg, con metodo GET "}
{"level":"warn","message":"Ruta actual: /styles/logo%20jpb%201.svg, con metodo GET "}
{"level":"warn","message":"Ruta actual: /styles/logo%20jpb%201.svg, con metodo GET "}
{"level":"warn","message":"Ruta actual: /styles/logo%20jpb%201.svg, con metodo GET "}
{"level":"error","message":"USUARIO NO AUTENTICADO, DEBE LOGUEARSE"}
{"level":"warn","message":"Ruta actual: /styles/logo%20jpb%201.svg, con metodo GET "}
{"level":"warn","message":"Ruta actual: /styles/logo%20jpb%201.svg, con metodo GET "}
{"level":"warn","message":"Ruta actual: /styles/logo%20jpb%201.svg, con metodo GET "}
{"level":"error","message":"USUARIO NO AUTENTICADO, DEBE LOGUEARSE"}
{"level":"warn","message":"Ruta actual: /styles/logo%20jpb%201.svg, con metodo GET "}
{"level":"warn","message":"Ruta actual: /styles/logo%20jpb%201.svg, con metodo GET "}
{"level":"error","message":"USUARIO NO AUTENTICADO, DEBE LOGUEARSE"}
{"level":"warn","message":"Ruta actual: /styles/logo%20jpb%201.svg, con metodo GET "}
{"level":"warn","message":"Ruta actual: /styles/logo%20jpb%201.svg, con metodo GET "}
{"level":"error","message":"USUARIO NO AUTENTICADO, DEBE LOGUEARSE"}
{"level":"warn","message":"Ruta actual: /styles/logo%20jpb%201.svg, con metodo GET "}
{"level":"error","message":"USUARIO NO AUTENTICADO, DEBE LOGUEARSE"}
{"level":"warn","message":"Ruta actual: /styles/logo%20jpb%201.svg, con metodo GET "}
{"level":"warn","message":"Ruta actual: /styles/logo%20jpb%201.svg, con metodo GET "}
{"level":"warn","message":"Ruta actual: /styles/logo%20jpb%201.svg, con metodo GET "}
{"level":"warn","message":"Ruta actual: /styles/logo%20jpb%201.svg, con metodo GET "}
{"level":"warn","message":"Ruta actual: /styles/logo%20jpb%201.svg, con metodo GET "}
{"level":"warn","message":"Ruta actual: /styles/logo%20jpb%201.svg, con metodo GET "}
{"level":"warn","message":"Ruta actual: /styles/logo%20jpb%201.svg, con metodo GET "}
{"level":"warn","message":"Ruta actual: /styles/logo%20jpb%201.svg, con metodo GET "}
{"level":"warn","message":"Ruta actual: /styles/logo%20jpb%201.svg, con metodo GET "}
{"level":"warn","message":"Ruta actual: /styles/logo%20jpb%201.svg, con metodo GET "}
{"level":"warn","message":"Ruta actual: /styles/logo%20jpb%201.svg, con metodo GET "}
{"level":"warn","message":"Ruta actual: /styles/logo%20jpb%201.svg, con metodo GET "}
{"level":"warn","message":"Ruta actual: /styles/logo%20jpb%201.svg, con metodo GET "}
{"level":"warn","message":"Ruta actual: /styles/logo%20jpb%201.svg, con metodo GET "}
{"level":"warn","message":"Ruta actual: /favicon.ico, con metodo GET "}
{"level":"warn","message":"Ruta actual: /styles/logo%20jpb%201.svg, con metodo GET "}
{"level":"warn","message":"Ruta actual: /styles/logo%20jpb%201.svg, con metodo GET "}
{"level":"warn","message":"Ruta actual: /styles/logo%20jpb%201.svg, con metodo GET "}
{"level":"warn","message":"Ruta actual: /styles/logo%20jpb%201.svg, con metodo GET "}
{"level":"warn","message":"Ruta actual: /styles/logo%20jpb%201.svg, con metodo GET "}
{"level":"warn","message":"Ruta actual: /styles/logo%20jpb%201.svg, con metodo GET "}
{"level":"warn","message":"Ruta actual: /styles/logo%20jpb%201.svg, con metodo GET "}
{"level":"warn","message":"Ruta actual: /styles/logo%20jpb%201.svg, con metodo GET "}
{"level":"warn","message":"Ruta actual: /styles/logo%20jpb%201.svg, con metodo GET "}
{"level":"warn","message":"Ruta actual: /styles/logo%20jpb%201.svg, con metodo GET "}
{"level":"warn","message":"Ruta actual: /styles/logo%20jpb%201.svg, con metodo GET "}
{"level":"warn","message":"Ruta actual: /styles/logo%20jpb%201.svg, con metodo GET "}
{"level":"warn","message":"Ruta actual: /styles/logo%20jpb%201.svg, con metodo GET "}
{"level":"warn","message":"Ruta actual: /styles/logo%20jpb%201.svg, con metodo GET "}
{"level":"error","message":"USUARIO NO AUTENTICADO, DEBE LOGUEARSE"}
{"level":"warn","message":"Ruta actual: /styles/logo%20jpb%201.svg, con metodo GET "}
{"level":"warn","message":"Ruta actual: /styles/logo%20jpb%201.svg, con metodo GET "}
{"level":"error","message":"USUARIO NO AUTENTICADO, DEBE LOGUEARSE"}
{"level":"warn","message":"Ruta actual: /styles/logo%20jpb%201.svg, con metodo GET "}
{"level":"warn","message":"Ruta actual: /styles/logo%20jpb%201.svg, con metodo GET "}
{"level":"warn","message":"Ruta actual: /styles/logo%20jpb%201.svg, con metodo GET "}
{"level":"warn","message":"Ruta actual: /styles/logo%20jpb%201.svg, con metodo GET "}
{"level":"warn","message":"Ruta actual: /styles/logo%20jpb%201.svg, con metodo GET "}
{"level":"warn","message":"Ruta actual: /styles/logo%20jpb%201.svg, con metodo GET "}
{"level":"warn","message":"Ruta actual: /styles/logo%20jpb%201.svg, con metodo GET "}
{"level":"warn","message":"Ruta actual: /styles/logo%20jpb%201.svg, con metodo GET "}
{"level":"warn","message":"Ruta actual: /styles/logo%20jpb%201.svg, con metodo GET "}
{"level":"warn","message":"Ruta actual: /styles/logo%20jpb%201.svg, con metodo GET "}
{"level":"error","message":"USUARIO NO AUTENTICADO, DEBE LOGUEARSE"}
{"level":"warn","message":"Ruta actual: /styles/logo%20jpb%201.svg, con metodo GET "}
{"level":"warn","message":"Ruta actual: /styles/logo%20jpb%201.svg, con metodo GET "}
{"level":"warn","message":"Ruta actual: /styles/logo%20jpb%201.svg, con metodo GET "}
{"level":"error","message":"USUARIO NO AUTENTICADO, DEBE LOGUEARSE"}
{"level":"warn","message":"Ruta actual: /styles/logo%20jpb%201.svg, con metodo GET "}
{"level":"warn","message":"Ruta actual: /styles/logo%20jpb%201.svg, con metodo GET "}
{"level":"warn","message":"Ruta actual: /favicon.ico, con metodo GET "}
{"level":"error","message":"USUARIO NO AUTENTICADO, DEBE LOGUEARSE"}
{"level":"warn","message":"Ruta actual: /styles/logo%20jpb%201.svg, con metodo GET "}
{"level":"warn","message":"Ruta actual: /styles/logo%20jpb%201.svg, con metodo GET "}
{"level":"error","message":"USUARIO NO AUTENTICADO, DEBE LOGUEARSE"}
{"level":"warn","message":"Ruta actual: /styles/logo%20jpb%201.svg, con metodo GET "}
{"level":"error","message":"USUARIO NO AUTENTICADO, DEBE LOGUEARSE"}
{"level":"warn","message":"Ruta actual: /styles/logo%20jpb%201.svg, con metodo GET "}
{"level":"warn","message":"Ruta actual: /styles/logo%20jpb%201.svg, con metodo GET "}
{"level":"error","message":"USUARIO NO AUTENTICADO, DEBE LOGUEARSE"}
{"level":"error","message":"USUARIO NO AUTENTICADO, DEBE LOGUEARSE"}
{"level":"warn","message":"Ruta actual: /styles/logo%20jpb%201.svg, con metodo GET "}
{"level":"warn","message":"Ruta actual: /styles/logo%20jpb%201.svg, con metodo GET "}
{"level":"warn","message":"Ruta actual: /socket.io/?EIO=4&transport=polling&t=OEg2wLX, con metodo GET "}
{"level":"warn","message":"Ruta actual: /socket.io/?EIO=4&transport=polling&t=OEg2voR, con metodo GET "}
{"level":"warn","message":"Ruta actual: /socket.io/?EIO=4&transport=polling&t=OEg2xqi, con metodo GET "}
{"level":"warn","message":"Ruta actual: /socket.io/?EIO=4&transport=polling&t=OEg2xrS, con metodo GET "}
{"level":"error","message":"USUARIO NO AUTENTICADO, DEBE LOGUEARSE"}
{"level":"warn","message":"Ruta actual: /socket.io/socket.io.js, con metodo GET "}
{"level":"warn","message":"Ruta actual: /styles/logo%20jpb%201.svg, con metodo GET "}
{"level":"warn","message":"Ruta actual: /socket.io/?EIO=4&transport=polling&t=OEg2z3t, con metodo GET "}
{"level":"warn","message":"Ruta actual: /socket.io/socket.io.js, con metodo GET "}
{"level":"warn","message":"Ruta actual: /styles/logo%20jpb%201.svg, con metodo GET "}
{"level":"warn","message":"Ruta actual: /socket.io/socket.io.js, con metodo GET "}
{"level":"warn","message":"Ruta actual: /styles/logo%20jpb%201.svg, con metodo GET "}
{"level":"warn","message":"Ruta actual: /socket.io/socket.io.js, con metodo GET "}
{"level":"warn","message":"Ruta actual: /styles/logo%20jpb%201.svg, con metodo GET "}
{"level":"warn","message":"Ruta actual: /socket.io/?EIO=4&transport=polling&t=OEg2-ID, con metodo GET "}
{"level":"warn","message":"Ruta actual: /socket.io/?EIO=4&transport=polling&t=OEg2_Wd, con metodo GET "}
{"level":"warn","message":"Ruta actual: /socket.io/socket.io.js, con metodo GET "}
{"level":"warn","message":"Ruta actual: /styles/logo%20jpb%201.svg, con metodo GET "}
{"level":"warn","message":"Ruta actual: /socket.io/?EIO=4&transport=polling&t=OEg30ky, con metodo GET "}
{"level":"warn","message":"Ruta actual: /socket.io/?EIO=4&transport=polling&t=OEg31zD, con metodo GET "}
{"level":"warn","message":"Ruta actual: /socket.io/?EIO=4&transport=polling&t=OEg33BU, con metodo GET "}
{"level":"warn","message":"Ruta actual: /socket.io/socket.io.js, con metodo GET "}
{"level":"warn","message":"Ruta actual: /styles/logo%20jpb%201.svg, con metodo GET "}
{"level":"warn","message":"Ruta actual: /socket.io/socket.io.js, con metodo GET "}
{"level":"warn","message":"Ruta actual: /styles/logo%20jpb%201.svg, con metodo GET "}
{"level":"warn","message":"Ruta actual: /socket.io/?EIO=4&transport=polling&t=OEg34Pu, con metodo GET "}
{"level":"warn","message":"Ruta actual: /socket.io/socket.io.js, con metodo GET "}
{"level":"warn","message":"Ruta actual: /styles/logo%20jpb%201.svg, con metodo GET "}
{"level":"warn","message":"Ruta actual: /socket.io/?EIO=4&transport=polling&t=OEg35eJ, con metodo GET "}
{"level":"warn","message":"Ruta actual: /socket.io/?EIO=4&transport=polling&t=OEg36so, con metodo GET "}
{"level":"warn","message":"Ruta actual: /socket.io/?EIO=4&transport=polling&t=OEg385E, con metodo GET "}
{"level":"warn","message":"Ruta actual: /socket.io/?EIO=4&transport=polling&t=OEg39Je, con metodo GET "}
{"level":"warn","message":"Ruta actual: /socket.io/?EIO=4&transport=polling&t=OEg3AY4, con metodo GET "}
{"level":"warn","message":"Ruta actual: /socket.io/?EIO=4&transport=polling&t=OEg3BmS, con metodo GET "}
{"level":"warn","message":"Ruta actual: /socket.io/?EIO=4&transport=polling&t=OEg3C-h, con metodo GET "}
{"level":"warn","message":"Ruta actual: /socket.io/?EIO=4&transport=polling&t=OEg3ED6, con metodo GET "}
{"level":"warn","message":"Ruta actual: /socket.io/?EIO=4&transport=polling&t=OEg3FVA, con metodo GET "}
{"level":"warn","message":"Ruta actual: /socket.io/?EIO=4&transport=polling&t=OEg3Gja, con metodo GET "}
{"level":"warn","message":"Ruta actual: /socket.io/?EIO=4&transport=polling&t=OEg3Hx-, con metodo GET "}
{"level":"warn","message":"Ruta actual: /socket.io/?EIO=4&transport=polling&t=OEg3JAV, con metodo GET "}
{"level":"warn","message":"Ruta actual: /socket.io/?EIO=4&transport=polling&t=OEg3NQS, con metodo GET "}
{"level":"warn","message":"Ruta actual: /socket.io/?EIO=4&transport=polling&t=OEg3Of7, con metodo GET "}
{"level":"warn","message":"Ruta actual: /socket.io/?EIO=4&transport=polling&t=OEg3Ptd, con metodo GET "}
{"level":"warn","message":"Ruta actual: /socket.io/?EIO=4&transport=polling&t=OEg3R6N, con metodo GET "}
{"level":"warn","message":"Ruta actual: /socket.io/?EIO=4&transport=polling&t=OEg3SKy, con metodo GET "}
{"level":"warn","message":"Ruta actual: /socket.io/?EIO=4&transport=polling&t=OEg3TZ-, con metodo GET "}
{"level":"warn","message":"Ruta actual: /socket.io/?EIO=4&transport=polling&t=OEg3Uox, con metodo GET "}
{"level":"warn","message":"Ruta actual: /socket.io/?EIO=4&transport=polling&t=OEg3W1Y, con metodo GET "}
{"level":"warn","message":"Ruta actual: /socket.io/?EIO=4&transport=polling&t=OEg3XFw, con metodo GET "}
{"level":"warn","message":"Ruta actual: /socket.io/?EIO=4&transport=polling&t=OEg3YUQ, con metodo GET "}
{"level":"warn","message":"Ruta actual: /socket.io/?EIO=4&transport=polling&t=OEg3Zj7, con metodo GET "}
{"level":"warn","message":"Ruta actual: /socket.io/?EIO=4&transport=polling&t=OEg3axS, con metodo GET "}
{"level":"warn","message":"Ruta actual: /socket.io/?EIO=4&transport=polling&t=OEg3c9m, con metodo GET "}
{"level":"warn","message":"Ruta actual: /socket.io/?EIO=4&transport=polling&t=OEg3dO6, con metodo GET "}
{"level":"warn","message":"Ruta actual: /socket.io/?EIO=4&transport=polling&t=OEg3ed5, con metodo GET "}
{"level":"warn","message":"Ruta actual: /socket.io/?EIO=4&transport=polling&t=OEg3sZj, con metodo GET "}
{"level":"warn","message":"Ruta actual: /socket.io/?EIO=4&transport=polling&t=OEg3toN, con metodo GET "}
{"level":"error","message":"USUARIO NO AUTENTICADO, DEBE LOGUEARSE"}
{"level":"warn","message":"Ruta actual: /socket.io/socket.io.js, con metodo GET "}
{"level":"warn","message":"Ruta actual: /styles/logo%20jpb%201.svg, con metodo GET "}
{"level":"warn","message":"Ruta actual: /socket.io/?EIO=4&transport=polling&t=OEg3v1B, con metodo GET "}
{"level":"warn","message":"Ruta actual: /socket.io/socket.io.js, con metodo GET "}
{"level":"warn","message":"Ruta actual: /styles/logo%20jpb%201.svg, con metodo GET "}
{"level":"warn","message":"Ruta actual: /socket.io/?EIO=4&transport=polling&t=OEg3wFf, con metodo GET "}
{"level":"warn","message":"Ruta actual: /socket.io/socket.io.js, con metodo GET "}
{"level":"warn","message":"Ruta actual: /styles/logo%20jpb%201.svg, con metodo GET "}
{"level":"warn","message":"Ruta actual: /socket.io/socket.io.js, con metodo GET "}
{"level":"warn","message":"Ruta actual: /styles/logo%20jpb%201.svg, con metodo GET "}
{"level":"warn","message":"Ruta actual: /socket.io/?EIO=4&transport=polling&t=OEg3xU7, con metodo GET "}
{"level":"warn","message":"Ruta actual: /socket.io/?EIO=4&transport=polling&t=OEg3yiX, con metodo GET "}
{"level":"warn","message":"Ruta actual: /socket.io/?EIO=4&transport=polling&t=OEg3zwn, con metodo GET "}
{"level":"warn","message":"Ruta actual: /socket.io/?EIO=4&transport=polling&t=OEg3_9H, con metodo GET "}
{"level":"error","message":"USUARIO NO AUTENTICADO, DEBE LOGUEARSE"}
{"level":"warn","message":"Ruta actual: /socket.io/socket.io.js, con metodo GET "}
{"level":"warn","message":"Ruta actual: /styles/logo%20jpb%201.svg, con metodo GET "}
{"level":"warn","message":"Ruta actual: /socket.io/socket.io.js, con metodo GET "}
{"level":"warn","message":"Ruta actual: /styles/logo%20jpb%201.svg, con metodo GET "}
{"level":"warn","message":"Ruta actual: /socket.io/?EIO=4&transport=polling&t=OEg40NY, con metodo GET "}
{"level":"warn","message":"Ruta actual: /socket.io/socket.io.js, con metodo GET "}
{"level":"warn","message":"Ruta actual: /styles/logo%20jpb%201.svg, con metodo GET "}
{"level":"warn","message":"Ruta actual: /socket.io/?EIO=4&transport=polling&t=OEg41c0, con metodo GET "}
{"level":"warn","message":"Ruta actual: /socket.io/?EIO=4&transport=polling&t=OEg42qH, con metodo GET "}
{"level":"warn","message":"Ruta actual: /socket.io/?EIO=4&transport=polling&t=OEg442n, con metodo GET "}
{"level":"warn","message":"Ruta actual: /socket.io/?EIO=4&transport=polling&t=OEg45HD, con metodo GET "}
{"level":"warn","message":"Ruta actual: /socket.io/socket.io.js, con metodo GET "}
{"level":"warn","message":"Ruta actual: /styles/logo%20jpb%201.svg, con metodo GET "}
{"level":"warn","message":"Ruta actual: /socket.io/socket.io.js, con metodo GET "}
{"level":"warn","message":"Ruta actual: /styles/logo%20jpb%201.svg, con metodo GET "}
{"level":"warn","message":"Ruta actual: /socket.io/socket.io.js, con metodo GET "}
{"level":"warn","message":"Ruta actual: /styles/logo%20jpb%201.svg, con metodo GET "}
{"level":"warn","message":"Ruta actual: /socket.io/?EIO=4&transport=polling&t=OEg46Vg, con metodo GET "}
{"level":"warn","message":"Ruta actual: /socket.io/?EIO=4&transport=polling&t=OEg47sd, con metodo GET "}
{"level":"warn","message":"Ruta actual: /socket.io/?EIO=4&transport=polling&t=OEg4953, con metodo GET "}
{"level":"warn","message":"Ruta actual: /socket.io/?EIO=4&transport=polling&t=OEg4AJM, con metodo GET "}
{"level":"warn","message":"Ruta actual: /socket.io/?EIO=4&transport=polling&t=OEg4BXp, con metodo GET "}
{"level":"warn","message":"Ruta actual: /socket.io/?EIO=4&transport=polling&t=OEg4CmG, con metodo GET "}
{"level":"warn","message":"Ruta actual: /socket.io/?EIO=4&transport=polling&t=OEg4D-j, con metodo GET "}
{"level":"warn","message":"Ruta actual: /socket.io/?EIO=4&transport=polling&t=OEg4FDA, con metodo GET "}
{"level":"warn","message":"Ruta actual: /socket.io/?EIO=4&transport=polling&t=OEg4GRh, con metodo GET "}
{"level":"warn","message":"Ruta actual: /socket.io/?EIO=4&transport=polling&t=OEg4Hg0, con metodo GET "}
{"level":"warn","message":"Ruta actual: /socket.io/?EIO=4&transport=polling&t=OEg4IuQ, con metodo GET "}
{"level":"warn","message":"Ruta actual: /socket.io/?EIO=4&transport=polling&t=OEg4K6u, con metodo GET "}
{"level":"warn","message":"Ruta actual: /socket.io/?EIO=4&transport=polling&t=OEg4LLA, con metodo GET "}
{"level":"warn","message":"Ruta actual: /socket.io/?EIO=4&transport=polling&t=OEg4MZb, con metodo GET "}
{"level":"warn","message":"Ruta actual: /socket.io/?EIO=4&transport=polling&t=OEg4No2, con metodo GET "}
{"level":"warn","message":"Ruta actual: /socket.io/?EIO=4&transport=polling&t=OEg4P0O, con metodo GET "}
{"level":"warn","message":"Ruta actual: /socket.io/?EIO=4&transport=polling&t=OEg4QEw, con metodo GET "}
{"level":"warn","message":"Ruta actual: /socket.io/?EIO=4&transport=polling&t=OEg4RTK, con metodo GET "}
{"level":"warn","message":"Ruta actual: /socket.io/?EIO=4&transport=polling&t=OEg4Shc, con metodo GET "}
{"level":"warn","message":"Ruta actual: /socket.io/?EIO=4&transport=polling&t=OEg4Tvw, con metodo GET "}
{"level":"warn","message":"Ruta actual: /socket.io/?EIO=4&transport=polling&t=OEg4V8G, con metodo GET "}
{"level":"warn","message":"Ruta actual: /socket.io/?EIO=4&transport=polling&t=OEg4WMZ, con metodo GET "}
{"level":"warn","message":"Ruta actual: /socket.io/?EIO=4&transport=polling&t=OEg4Xax, con metodo GET "}
{"level":"warn","message":"Ruta actual: /socket.io/?EIO=4&transport=polling&t=OEg4YpF, con metodo GET "}
{"level":"warn","message":"Ruta actual: /socket.io/?EIO=4&transport=polling&t=OEg4a1X, con metodo GET "}
{"level":"warn","message":"Ruta actual: /socket.io/?EIO=4&transport=polling&t=OEg4bF_, con metodo GET "}
{"level":"warn","message":"Ruta actual: /socket.io/?EIO=4&transport=polling&t=OEg4cUI, con metodo GET "}
{"level":"warn","message":"Ruta actual: /socket.io/?EIO=4&transport=polling&t=OEg4dii, con metodo GET "}
{"level":"warn","message":"Ruta actual: /socket.io/?EIO=4&transport=polling&t=OEg4ewx, con metodo GET "}
{"level":"warn","message":"Ruta actual: /socket.io/?EIO=4&transport=polling&t=OEg4g9K, con metodo GET "}
{"level":"warn","message":"Ruta actual: /socket.io/?EIO=4&transport=polling&t=OEg4hNl, con metodo GET "}
{"level":"warn","message":"Ruta actual: /socket.io/?EIO=4&transport=polling&t=OEg4ic6, con metodo GET "}
{"level":"warn","message":"Ruta actual: /socket.io/?EIO=4&transport=polling&t=OEg4jqY, con metodo GET "}
{"level":"warn","message":"Ruta actual: /socket.io/?EIO=4&transport=polling&t=OEg4l2p, con metodo GET "}
{"level":"warn","message":"Ruta actual: /socket.io/?EIO=4&transport=polling&t=OEg4mH7, con metodo GET "}
{"level":"warn","message":"Ruta actual: /socket.io/?EIO=4&transport=polling&t=OEg4nVO, con metodo GET "}
{"level":"warn","message":"Ruta actual: /socket.io/?EIO=4&transport=polling&t=OEg4ojs, con metodo GET "}
{"level":"warn","message":"Ruta actual: /socket.io/?EIO=4&transport=polling&t=OEg4py8, con metodo GET "}
{"level":"warn","message":"Ruta actual: /socket.io/?EIO=4&transport=polling&t=OEg4rAO, con metodo GET "}
{"level":"warn","message":"Ruta actual: /socket.io/?EIO=4&transport=polling&t=OEg4sOs, con metodo GET "}
{"level":"warn","message":"Ruta actual: /socket.io/?EIO=4&transport=polling&t=OEg4tdI, con metodo GET "}
{"level":"warn","message":"Ruta actual: /socket.io/?EIO=4&transport=polling&t=OEg4url, con metodo GET "}
{"level":"warn","message":"Ruta actual: /socket.io/?EIO=4&transport=polling&t=OEg4w41, con metodo GET "}
{"level":"warn","message":"Ruta actual: /socket.io/?EIO=4&transport=polling&t=OEg4xIP, con metodo GET "}
{"level":"warn","message":"Ruta actual: /socket.io/?EIO=4&transport=polling&t=OEg4yWi, con metodo GET "}
{"level":"warn","message":"Ruta actual: /socket.io/?EIO=4&transport=polling&t=OEg4zl4, con metodo GET "}
{"level":"warn","message":"Ruta actual: /socket.io/?EIO=4&transport=polling&t=OEg4-zX, con metodo GET "}
{"level":"warn","message":"Ruta actual: /socket.io/?EIO=4&transport=polling&t=OEg50C1, con metodo GET "}
{"level":"warn","message":"Ruta actual: /socket.io/?EIO=4&transport=polling&t=OEg51QV, con metodo GET "}
{"level":"warn","message":"Ruta actual: /socket.io/?EIO=4&transport=polling&t=OEg52es, con metodo GET "}
{"level":"warn","message":"Ruta actual: /socket.io/?EIO=4&transport=polling&t=OEg53tE, con metodo GET "}
{"level":"warn","message":"Ruta actual: /socket.io/?EIO=4&transport=polling&t=OEg555f, con metodo GET "}
{"level":"warn","message":"Ruta actual: /socket.io/?EIO=4&transport=polling&t=OEg56K7, con metodo GET "}
{"level":"warn","message":"Ruta actual: /socket.io/?EIO=4&transport=polling&t=OEg57YP, con metodo GET "}
{"level":"warn","message":"Ruta actual: /socket.io/?EIO=4&transport=polling&t=OEg58mn, con metodo GET "}
{"level":"warn","message":"Ruta actual: /socket.io/?EIO=4&transport=polling&t=OEg59_A, con metodo GET "}
{"level":"warn","message":"Ruta actual: /socket.io/?EIO=4&transport=polling&t=OEg5BDb, con metodo GET "}
{"level":"warn","message":"Ruta actual: /socket.io/?EIO=4&transport=polling&t=OEg5CS2, con metodo GET "}
{"level":"warn","message":"Ruta actual: /socket.io/?EIO=4&transport=polling&t=OEg5DgX, con metodo GET "}
{"level":"warn","message":"Ruta actual: /socket.io/?EIO=4&transport=polling&t=OEg5Euz, con metodo GET "}
{"level":"warn","message":"Ruta actual: /socket.io/?EIO=4&transport=polling&t=OEg5G7P, con metodo GET "}
{"level":"warn","message":"Ruta actual: /socket.io/?EIO=4&transport=polling&t=OEg5HLk, con metodo GET "}
{"level":"warn","message":"Ruta actual: /socket.io/?EIO=4&transport=polling&t=OEg5Ia5, con metodo GET "}
{"level":"error","message":"USUARIO NO AUTENTICADO, DEBE LOGUEARSE"}
{"level":"warn","message":"Ruta actual: /socket.io/?EIO=4&transport=polling&t=OEg5JpW, con metodo GET "}
{"level":"warn","message":"Ruta actual: /socket.io/socket.io.js, con metodo GET "}
{"level":"warn","message":"Ruta actual: /styles/logo%20jpb%201.svg, con metodo GET "}
{"level":"warn","message":"Ruta actual: /socket.io/socket.io.js, con metodo GET "}
{"level":"warn","message":"Ruta actual: /styles/logo%20jpb%201.svg, con metodo GET "}
{"level":"warn","message":"Ruta actual: /socket.io/socket.io.js, con metodo GET "}
{"level":"warn","message":"Ruta actual: /styles/logo%20jpb%201.svg, con metodo GET "}
{"level":"warn","message":"Ruta actual: /socket.io/socket.io.js, con metodo GET "}
{"level":"warn","message":"Ruta actual: /styles/logo%20jpb%201.svg, con metodo GET "}
{"level":"warn","message":"Ruta actual: /socket.io/?EIO=4&transport=polling&t=OEg5Lln, con metodo GET "}
{"level":"warn","message":"Ruta actual: /socket.io/?EIO=4&transport=polling&t=OEg5M-B, con metodo GET "}
{"level":"warn","message":"Ruta actual: /socket.io/?EIO=4&transport=polling&t=OEg5OCb, con metodo GET "}
{"level":"warn","message":"Ruta actual: /socket.io/?EIO=4&transport=polling&t=OEg5PR2, con metodo GET "}
{"level":"warn","message":"Ruta actual: /socket.io/?EIO=4&transport=polling&t=OEg5QfM, con metodo GET "}
{"level":"warn","message":"Ruta actual: /socket.io/?EIO=4&transport=polling&t=OEg5Rtm, con metodo GET "}
{"level":"warn","message":"Ruta actual: /socket.io/?EIO=4&transport=polling&t=OEg5T61, con metodo GET "}
{"level":"warn","message":"Ruta actual: /socket.io/?EIO=4&transport=polling&t=OEg5UKT, con metodo GET "}
{"level":"warn","message":"Ruta actual: /socket.io/?EIO=4&transport=polling&t=OEg5VlL, con metodo GET "}
{"level":"warn","message":"Ruta actual: /socket.io/?EIO=4&transport=polling&t=OEg5Wze, con metodo GET "}
{"level":"warn","message":"Ruta actual: /socket.io/?EIO=4&transport=polling&t=OEg5YC0, con metodo GET "}
{"level":"warn","message":"Ruta actual: /socket.io/?EIO=4&transport=polling&t=OEg5ZQW, con metodo GET "}
{"level":"warn","message":"Ruta actual: /socket.io/?EIO=4&transport=polling&t=OEg5afD, con metodo GET "}
{"level":"warn","message":"Ruta actual: /socket.io/?EIO=4&transport=polling&t=OEg5btb, con metodo GET "}
{"level":"warn","message":"Ruta actual: /socket.io/?EIO=4&transport=polling&t=OEg5d5u, con metodo GET "}
{"level":"warn","message":"Ruta actual: /socket.io/?EIO=4&transport=polling&t=OEg5eKB, con metodo GET "}
{"level":"warn","message":"Ruta actual: /socket.io/?EIO=4&transport=polling&t=OEg5fYe, con metodo GET "}
{"level":"warn","message":"Ruta actual: /socket.io/?EIO=4&transport=polling&t=OEg5gm-, con metodo GET "}
{"level":"warn","message":"Ruta actual: /socket.io/?EIO=4&transport=polling&t=OEg5h_M, con metodo GET "}
{"level":"warn","message":"Ruta actual: /socket.io/?EIO=4&transport=polling&t=OEg5jDn, con metodo GET "}
{"level":"warn","message":"Ruta actual: /socket.io/?EIO=4&transport=polling&t=OEg5kSL, con metodo GET "}
{"level":"warn","message":"Ruta actual: /socket.io/?EIO=4&transport=polling&t=OEg5lgp, con metodo GET "}
{"level":"warn","message":"Ruta actual: /socket.io/?EIO=4&transport=polling&t=OEg5mvA, con metodo GET "}
{"level":"warn","message":"Ruta actual: /socket.io/?EIO=4&transport=polling&t=OEg5o7U, con metodo GET "}
{"level":"warn","message":"Ruta actual: /socket.io/?EIO=4&transport=polling&t=OEg5pLo, con metodo GET "}
{"level":"warn","message":"Ruta actual: /socket.io/?EIO=4&transport=polling&t=OEg5qa7, con metodo GET "}
{"level":"warn","message":"Ruta actual: /socket.io/?EIO=4&transport=polling&t=OEg5roa, con metodo GET "}
{"level":"warn","message":"Ruta actual: /socket.io/?EIO=4&transport=polling&t=OEg5t17, con metodo GET "}
{"level":"warn","message":"Ruta actual: /socket.io/?EIO=4&transport=polling&t=OEg5uFm, con metodo GET "}
{"level":"warn","message":"Ruta actual: /socket.io/?EIO=4&transport=polling&t=OEg5vUE, con metodo GET "}
{"level":"warn","message":"Ruta actual: /socket.io/?EIO=4&transport=polling&t=OEg5wii, con metodo GET "}
{"level":"warn","message":"Ruta actual: /socket.io/?EIO=4&transport=polling&t=OEg5xx4, con metodo GET "}
{"level":"warn","message":"Ruta actual: /socket.io/?EIO=4&transport=polling&t=OEg5z9L, con metodo GET "}
{"level":"warn","message":"Ruta actual: /socket.io/?EIO=4&transport=polling&t=OEg5-Nb, con metodo GET "}
{"level":"warn","message":"Ruta actual: /socket.io/?EIO=4&transport=polling&t=OEg5_c3, con metodo GET "}
{"level":"warn","message":"Ruta actual: /socket.io/?EIO=4&transport=polling&t=OEg60qc, con metodo GET "}
{"level":"warn","message":"Ruta actual: /socket.io/?EIO=4&transport=polling&t=OEg6234, con metodo GET "}
{"level":"warn","message":"Ruta actual: /socket.io/?EIO=4&transport=polling&t=OEg63HQ, con metodo GET "}
{"level":"warn","message":"Ruta actual: /socket.io/?EIO=4&transport=polling&t=OEg64Vw, con metodo GET "}
{"level":"warn","message":"Ruta actual: /socket.io/?EIO=4&transport=polling&t=OEg65kP, con metodo GET "}
{"level":"warn","message":"Ruta actual: /socket.io/?EIO=4&transport=polling&t=OEg66yt, con metodo GET "}
{"level":"warn","message":"Ruta actual: /socket.io/?EIO=4&transport=polling&t=OEg68BM, con metodo GET "}
{"level":"warn","message":"Ruta actual: /socket.io/?EIO=4&transport=polling&t=OEg69Pn, con metodo GET "}
{"level":"warn","message":"Ruta actual: /socket.io/?EIO=4&transport=polling&t=OEg6Ae7, con metodo GET "}
{"level":"warn","message":"Ruta actual: /socket.io/?EIO=4&transport=polling&t=OEg6BsS, con metodo GET "}
{"level":"warn","message":"Ruta actual: /socket.io/?EIO=4&transport=polling&t=OEg6D4r, con metodo GET "}
{"level":"warn","message":"Ruta actual: /socket.io/?EIO=4&transport=polling&t=OEg6EJG, con metodo GET "}
{"level":"warn","message":"Ruta actual: /socket.io/?EIO=4&transport=polling&t=OEg6FXk, con metodo GET "}
{"level":"warn","message":"Ruta actual: /socket.io/?EIO=4&transport=polling&t=OEg6GmJ, con metodo GET "}
{"level":"warn","message":"Ruta actual: /socket.io/?EIO=4&transport=polling&t=OEg6H_2, con metodo GET "}
{"level":"warn","message":"Ruta actual: /socket.io/?EIO=4&transport=polling&t=OEg6JDR, con metodo GET "}
{"level":"warn","message":"Ruta actual: /socket.io/?EIO=4&transport=polling&t=OEg6KRl, con metodo GET "}
{"level":"warn","message":"Ruta actual: /socket.io/?EIO=4&transport=polling&t=OEg6Lg8, con metodo GET "}
{"level":"warn","message":"Ruta actual: /socket.io/?EIO=4&transport=polling&t=OEg6MuX, con metodo GET "}
{"level":"warn","message":"Ruta actual: /socket.io/?EIO=4&transport=polling&t=OEg6O6x, con metodo GET "}
{"level":"warn","message":"Ruta actual: /socket.io/?EIO=4&transport=polling&t=OEg6PLV, con metodo GET "}
{"level":"warn","message":"Ruta actual: /socket.io/?EIO=4&transport=polling&t=OEg6QZv, con metodo GET "}
{"level":"warn","message":"Ruta actual: /socket.io/?EIO=4&transport=polling&t=OEg6RoD, con metodo GET "}
{"level":"warn","message":"Ruta actual: /socket.io/?EIO=4&transport=polling&t=OEg6T1T, con metodo GET "}
{"level":"warn","message":"Ruta actual: /socket.io/?EIO=4&transport=polling&t=OEg6UHM, con metodo GET "}
{"level":"warn","message":"Ruta actual: /socket.io/?EIO=4&transport=polling&t=OEg6VW6, con metodo GET "}
{"level":"warn","message":"Ruta actual: /socket.io/?EIO=4&transport=polling&t=OEg6WkT, con metodo GET "}
{"level":"warn","message":"Ruta actual: /socket.io/?EIO=4&transport=polling&t=OEg6Xyv, con metodo GET "}
{"level":"warn","message":"Ruta actual: /socket.io/?EIO=4&transport=polling&t=OEg6ZBB, con metodo GET "}
{"level":"warn","message":"Ruta actual: /socket.io/?EIO=4&transport=polling&t=OEg6aPR, con metodo GET "}
{"level":"warn","message":"Ruta actual: /socket.io/?EIO=4&transport=polling&t=OEg6bdr, con metodo GET "}
{"level":"warn","message":"Ruta actual: /socket.io/?EIO=4&transport=polling&t=OEg6csF, con metodo GET "}
{"level":"warn","message":"Ruta actual: /socket.io/?EIO=4&transport=polling&t=OEg6e4W, con metodo GET "}
{"level":"warn","message":"Ruta actual: /socket.io/?EIO=4&transport=polling&t=OEg6fIu, con metodo GET "}
{"level":"warn","message":"Ruta actual: /socket.io/?EIO=4&transport=polling&t=OEg6gXP, con metodo GET "}
{"level":"warn","message":"Ruta actual: /socket.io/?EIO=4&transport=polling&t=OEg6hlq, con metodo GET "}
{"level":"warn","message":"Ruta actual: /socket.io/?EIO=4&transport=polling&t=OEg6i-F, con metodo GET "}
{"level":"warn","message":"Ruta actual: /socket.io/?EIO=4&transport=polling&t=OEg6kEb, con metodo GET "}
{"level":"warn","message":"Ruta actual: /socket.io/?EIO=4&transport=polling&t=OEg6ljg, con metodo GET "}
{"level":"warn","message":"Ruta actual: /socket.io/?EIO=4&transport=polling&t=OEg6my1, con metodo GET "}
{"level":"warn","message":"Ruta actual: /socket.io/?EIO=4&transport=polling&t=OEg6oAa, con metodo GET "}
{"level":"warn","message":"Ruta actual: /socket.io/?EIO=4&transport=polling&t=OEg6pPB, con metodo GET "}
{"level":"warn","message":"Ruta actual: /socket.io/?EIO=4&transport=polling&t=OEg6qdb, con metodo GET "}
{"level":"warn","message":"Ruta actual: /socket.io/?EIO=4&transport=polling&t=OEg6rr-, con metodo GET "}
{"level":"warn","message":"Ruta actual: /socket.io/?EIO=4&transport=polling&t=OEg6t4I, con metodo GET "}
{"level":"warn","message":"Ruta actual: /socket.io/?EIO=4&transport=polling&t=OEg6uIe, con metodo GET "}
{"level":"warn","message":"Ruta actual: /socket.io/?EIO=4&transport=polling&t=OEg6vWy, con metodo GET "}
{"level":"warn","message":"Ruta actual: /socket.io/?EIO=4&transport=polling&t=OEg6wlG, con metodo GET "}
{"level":"warn","message":"Ruta actual: /socket.io/?EIO=4&transport=polling&t=OEg6xzk, con metodo GET "}
{"level":"warn","message":"Ruta actual: /socket.io/?EIO=4&transport=polling&t=OEg6zC2, con metodo GET "}
{"level":"warn","message":"Ruta actual: /socket.io/?EIO=4&transport=polling&t=OEg6-QV, con metodo GET "}
{"level":"warn","message":"Ruta actual: /socket.io/?EIO=4&transport=polling&t=OEg6_ey, con metodo GET "}
{"level":"warn","message":"Ruta actual: /socket.io/?EIO=4&transport=polling&t=OEg70tK, con metodo GET "}
{"level":"warn","message":"Ruta actual: /socket.io/?EIO=4&transport=polling&t=OEg725x, con metodo GET "}
{"level":"warn","message":"Ruta actual: /socket.io/?EIO=4&transport=polling&t=OEg73Kk, con metodo GET "}
{"level":"warn","message":"Ruta actual: /socket.io/?EIO=4&transport=polling&t=OEg74ZE, con metodo GET "}
{"level":"warn","message":"Ruta actual: /socket.io/?EIO=4&transport=polling&t=OEg75nV, con metodo GET "}
{"level":"warn","message":"Ruta actual: /socket.io/?EIO=4&transport=polling&t=OEg76_t, con metodo GET "}
{"level":"warn","message":"Ruta actual: /socket.io/?EIO=4&transport=polling&t=OEg78EK, con metodo GET "}
{"level":"warn","message":"Ruta actual: /socket.io/?EIO=4&transport=polling&t=OEg79Sp, con metodo GET "}
{"level":"warn","message":"Ruta actual: /socket.io/?EIO=4&transport=polling&t=OEg7AhS, con metodo GET "}
{"level":"warn","message":"Ruta actual: /socket.io/?EIO=4&transport=polling&t=OEg7Bvk, con metodo GET "}
{"level":"warn","message":"Ruta actual: /socket.io/?EIO=4&transport=polling&t=OEg7D8G, con metodo GET "}
{"level":"warn","message":"Ruta actual: /socket.io/?EIO=4&transport=polling&t=OEg7EMY, con metodo GET "}
{"level":"warn","message":"Ruta actual: /socket.io/?EIO=4&transport=polling&t=OEg7Fa_, con metodo GET "}
{"level":"warn","message":"Ruta actual: /socket.io/?EIO=4&transport=polling&t=OEg7GpG, con metodo GET "}
{"level":"warn","message":"Ruta actual: /socket.io/?EIO=4&transport=polling&t=OEg7I1l, con metodo GET "}
{"level":"warn","message":"Ruta actual: /socket.io/?EIO=4&transport=polling&t=OEg7JGC, con metodo GET "}
{"level":"warn","message":"Ruta actual: /socket.io/?EIO=4&transport=polling&t=OEg7KUW, con metodo GET "}
{"level":"warn","message":"Ruta actual: /socket.io/?EIO=4&transport=polling&t=OEg7Liq, con metodo GET "}
{"level":"warn","message":"Ruta actual: /socket.io/?EIO=4&transport=polling&t=OEg7Mx9, con metodo GET "}
{"level":"warn","message":"Ruta actual: /socket.io/?EIO=4&transport=polling&t=OEg7O9e, con metodo GET "}
{"level":"warn","message":"Ruta actual: /socket.io/?EIO=4&transport=polling&t=OEg7PO5, con metodo GET "}
{"level":"warn","message":"Ruta actual: /socket.io/?EIO=4&transport=polling&t=OEg7QcV, con metodo GET "}
{"level":"warn","message":"Ruta actual: /socket.io/?EIO=4&transport=polling&t=OEg7Rqo, con metodo GET "}
{"level":"warn","message":"Ruta actual: /socket.io/?EIO=4&transport=polling&t=OEg7T3I, con metodo GET "}
{"level":"warn","message":"Ruta actual: /socket.io/?EIO=4&transport=polling&t=OEg7UHi, con metodo GET "}
{"level":"warn","message":"Ruta actual: /socket.io/?EIO=4&transport=polling&t=OEg7VW6, con metodo GET "}
{"level":"warn","message":"Ruta actual: /socket.io/?EIO=4&transport=polling&t=OEg7Wka, con metodo GET "}
{"level":"warn","message":"Ruta actual: /socket.io/?EIO=4&transport=polling&t=OEg7Xyy, con metodo GET "}
{"level":"warn","message":"Ruta actual: /socket.io/?EIO=4&transport=polling&t=OEg7ZBL, con metodo GET "}
{"level":"warn","message":"Ruta actual: /socket.io/?EIO=4&transport=polling&t=OEg7aPa, con metodo GET "}
{"level":"warn","message":"Ruta actual: /socket.io/?EIO=4&transport=polling&t=OEg7bdw, con metodo GET "}
{"level":"warn","message":"Ruta actual: /socket.io/?EIO=4&transport=polling&t=OEg7csD, con metodo GET "}
{"level":"warn","message":"Ruta actual: /socket.io/?EIO=4&transport=polling&t=OEg7e4V, con metodo GET "}
{"level":"warn","message":"Ruta actual: /socket.io/?EIO=4&transport=polling&t=OEg7fIr, con metodo GET "}
{"level":"warn","message":"Ruta actual: /socket.io/?EIO=4&transport=polling&t=OEg7gXP, con metodo GET "}
{"level":"warn","message":"Ruta actual: /socket.io/?EIO=4&transport=polling&t=OEg7hlm, con metodo GET "}
{"level":"warn","message":"Ruta actual: /socket.io/?EIO=4&transport=polling&t=OEg7i-F, con metodo GET "}
{"level":"warn","message":"Ruta actual: /socket.io/?EIO=4&transport=polling&t=OEg7kCi, con metodo GET "}
{"level":"warn","message":"Ruta actual: /socket.io/?EIO=4&transport=polling&t=OEg7lR9, con metodo GET "}
{"level":"warn","message":"Ruta actual: /socket.io/?EIO=4&transport=polling&t=OEg7mfe, con metodo GET "}
{"level":"warn","message":"Ruta actual: /socket.io/?EIO=4&transport=polling&t=OEg7nu2, con metodo GET "}
{"level":"warn","message":"Ruta actual: /socket.io/?EIO=4&transport=polling&t=OEg7p6U, con metodo GET "}
{"level":"warn","message":"Ruta actual: /socket.io/?EIO=4&transport=polling&t=OEg7qKq, con metodo GET "}
{"level":"warn","message":"Ruta actual: /socket.io/?EIO=4&transport=polling&t=OEg7rZA, con metodo GET "}
{"level":"warn","message":"Ruta actual: /socket.io/?EIO=4&transport=polling&t=OEg7snb, con metodo GET "}
{"level":"warn","message":"Ruta actual: /socket.io/?EIO=4&transport=polling&t=OEg7t_s, con metodo GET "}
{"level":"warn","message":"Ruta actual: /socket.io/?EIO=4&transport=polling&t=OEg7vEG, con metodo GET "}
{"level":"warn","message":"Ruta actual: /socket.io/?EIO=4&transport=polling&t=OEg7wSZ, con metodo GET "}
{"level":"warn","message":"Ruta actual: /socket.io/?EIO=4&transport=polling&t=OEg7xg_, con metodo GET "}
{"level":"warn","message":"Ruta actual: /socket.io/?EIO=4&transport=polling&t=OEg7yvI, con metodo GET "}
{"level":"warn","message":"Ruta actual: /socket.io/?EIO=4&transport=polling&t=OEg7-7i, con metodo GET "}
{"level":"warn","message":"Ruta actual: /socket.io/?EIO=4&transport=polling&t=OEg7_M3, con metodo GET "}
{"level":"warn","message":"Ruta actual: /socket.io/?EIO=4&transport=polling&t=OEg80aS, con metodo GET "}
{"level":"warn","message":"Ruta actual: /socket.io/?EIO=4&transport=polling&t=OEg81oq, con metodo GET "}
{"level":"warn","message":"Ruta actual: /socket.io/?EIO=4&transport=polling&t=OEg8315, con metodo GET "}
{"level":"warn","message":"Ruta actual: /socket.io/?EIO=4&transport=polling&t=OEg84FU, con metodo GET "}
{"level":"warn","message":"Ruta actual: /socket.io/?EIO=4&transport=polling&t=OEg85To, con metodo GET "}
{"level":"warn","message":"Ruta actual: /socket.io/?EIO=4&transport=polling&t=OEg86i2, con metodo GET "}
{"level":"warn","message":"Ruta actual: /socket.io/?EIO=4&transport=polling&t=OEg87wW, con metodo GET "}
{"level":"warn","message":"Ruta actual: /socket.io/?EIO=4&transport=polling&t=OEg898v, con metodo GET "}
{"level":"warn","message":"Ruta actual: /socket.io/?EIO=4&transport=polling&t=OEg8AND, con metodo GET "}
{"level":"warn","message":"Ruta actual: /socket.io/?EIO=4&transport=polling&t=OEg8Bbc, con metodo GET "}
{"level":"warn","message":"Ruta actual: /socket.io/?EIO=4&transport=polling&t=OEg8Cpw, con metodo GET "}
{"level":"warn","message":"Ruta actual: /socket.io/?EIO=4&transport=polling&t=OEg8E2K, con metodo GET "}
{"level":"warn","message":"Ruta actual: /socket.io/?EIO=4&transport=polling&t=OEg8FGf, con metodo GET "}
{"level":"warn","message":"Ruta actual: /socket.io/?EIO=4&transport=polling&t=OEg8GV4, con metodo GET "}
{"level":"warn","message":"Ruta actual: /socket.io/?EIO=4&transport=polling&t=OEg8HjV, con metodo GET "}
{"level":"warn","message":"Ruta actual: /socket.io/?EIO=4&transport=polling&t=OEg8Ixr, con metodo GET "}
{"level":"warn","message":"Ruta actual: /socket.io/?EIO=4&transport=polling&t=OEg8KAB, con metodo GET "}
{"level":"warn","message":"Ruta actual: /socket.io/?EIO=4&transport=polling&t=OEg8LOY, con metodo GET "}
{"level":"warn","message":"Ruta actual: /socket.io/?EIO=4&transport=polling&t=OEg8Mc_, con metodo GET "}
{"level":"warn","message":"Ruta actual: /socket.io/?EIO=4&transport=polling&t=OEg8Nxa, con metodo GET "}
{"level":"warn","message":"Ruta actual: /socket.io/?EIO=4&transport=polling&t=OEg8PN6, con metodo GET "}
{"level":"warn","message":"Ruta actual: /socket.io/?EIO=4&transport=polling&t=OEg8Qgv, con metodo GET "}
{"level":"warn","message":"Ruta actual: /socket.io/?EIO=4&transport=polling&t=OEg8RxV, con metodo GET "}
{"level":"warn","message":"Ruta actual: /socket.io/?EIO=4&transport=polling&t=OEg8TAL, con metodo GET "}
{"level":"warn","message":"Ruta actual: /socket.io/?EIO=4&transport=polling&t=OEg8UP2, con metodo GET "}
{"level":"warn","message":"Ruta actual: /socket.io/?EIO=4&transport=polling&t=OEg8VdU, con metodo GET "}
{"level":"warn","message":"Ruta actual: /socket.io/?EIO=4&transport=polling&t=OEg8Wr_, con metodo GET "}
{"level":"warn","message":"Ruta actual: /socket.io/?EIO=4&transport=polling&t=OEg8Y4O, con metodo GET "}
{"level":"warn","message":"Ruta actual: /socket.io/?EIO=4&transport=polling&t=OEg8ZIt, con metodo GET "}
{"level":"warn","message":"Ruta actual: /socket.io/?EIO=4&transport=polling&t=OEg8aXG, con metodo GET "}
{"level":"warn","message":"Ruta actual: /socket.io/?EIO=4&transport=polling&t=OEg8bm8, con metodo GET "}
{"level":"warn","message":"Ruta actual: /socket.io/?EIO=4&transport=polling&t=OEg8c-b, con metodo GET "}
{"level":"warn","message":"Ruta actual: /socket.io/?EIO=4&transport=polling&t=OEg8eD3, con metodo GET "}
{"level":"warn","message":"Ruta actual: /socket.io/?EIO=4&transport=polling&t=OEg8fRT, con metodo GET "}
{"level":"warn","message":"Ruta actual: /socket.io/?EIO=4&transport=polling&t=OEg8gfs, con metodo GET "}
{"level":"warn","message":"Ruta actual: /socket.io/?EIO=4&transport=polling&t=OEg8huL, con metodo GET "}
{"level":"warn","message":"Ruta actual: /socket.io/?EIO=4&transport=polling&t=OEg8j6s, con metodo GET "}
{"level":"warn","message":"Ruta actual: /socket.io/?EIO=4&transport=polling&t=OEg8kLC, con metodo GET "}
{"level":"warn","message":"Ruta actual: /socket.io/?EIO=4&transport=polling&t=OEg8lZi, con metodo GET "}
{"level":"warn","message":"Ruta actual: /socket.io/?EIO=4&transport=polling&t=OEg8mo4, con metodo GET "}
{"level":"warn","message":"Ruta actual: /socket.io/?EIO=4&transport=polling&t=OEg8o0P, con metodo GET "}
{"level":"warn","message":"Ruta actual: /socket.io/?EIO=4&transport=polling&t=OEg8pEw, con metodo GET "}
{"level":"warn","message":"Ruta actual: /socket.io/?EIO=4&transport=polling&t=OEg8qTH, con metodo GET "}
{"level":"warn","message":"Ruta actual: /socket.io/?EIO=4&transport=polling&t=OEg8rhl, con metodo GET "}
{"level":"warn","message":"Ruta actual: /socket.io/?EIO=4&transport=polling&t=OEg8sw4, con metodo GET "}
{"level":"warn","message":"Ruta actual: /socket.io/?EIO=4&transport=polling&t=OEg8u8W, con metodo GET "}
{"level":"warn","message":"Ruta actual: /socket.io/?EIO=4&transport=polling&t=OEg8vMu, con metodo GET "}
{"level":"warn","message":"Ruta actual: /socket.io/?EIO=4&transport=polling&t=OEg8wbI, con metodo GET "}
{"level":"warn","message":"Ruta actual: /socket.io/?EIO=4&transport=polling&t=OEg8xpj, con metodo GET "}
{"level":"warn","message":"Ruta actual: /socket.io/?EIO=4&transport=polling&t=OEg8z1_, con metodo GET "}
{"level":"warn","message":"Ruta actual: /socket.io/?EIO=4&transport=polling&t=OEg8-Gd, con metodo GET "}
{"level":"warn","message":"Ruta actual: /socket.io/?EIO=4&transport=polling&t=OEg8_Y3, con metodo GET "}
{"level":"warn","message":"Ruta actual: /socket.io/?EIO=4&transport=polling&t=OEg90nv, con metodo GET "}
{"level":"warn","message":"Ruta actual: /socket.io/?EIO=4&transport=polling&t=OEg930U, con metodo GET "}
{"level":"warn","message":"Ruta actual: /socket.io/?EIO=4&transport=polling&t=OEg94Ex, con metodo GET "}
{"level":"warn","message":"Ruta actual: /socket.io/?EIO=4&transport=polling&t=OEg95TT, con metodo GET "}
{"level":"warn","message":"Ruta actual: /socket.io/?EIO=4&transport=polling&t=OEg96hr, con metodo GET "}
{"level":"warn","message":"Ruta actual: /socket.io/?EIO=4&transport=polling&t=OEg97wC, con metodo GET "}
{"level":"warn","message":"Ruta actual: /socket.io/?EIO=4&transport=polling&t=OEg998X, con metodo GET "}
{"level":"warn","message":"Ruta actual: /socket.io/?EIO=4&transport=polling&t=OEg9AM_, con metodo GET "}
{"level":"warn","message":"Ruta actual: /socket.io/?EIO=4&transport=polling&t=OEg9BbT, con metodo GET "}
{"level":"error","message":"USUARIO NO AUTENTICADO, DEBE LOGUEARSE"}
{"level":"warn","message":"Ruta actual: /socket.io/socket.io.js, con metodo GET "}
{"level":"warn","message":"Ruta actual: /styles/logo%20jpb%201.svg, con metodo GET "}
{"level":"warn","message":"Ruta actual: /socket.io/socket.io.js, con metodo GET "}
{"level":"warn","message":"Ruta actual: /styles/logo%20jpb%201.svg, con metodo GET "}
{"level":"warn","message":"Ruta actual: /socket.io/?EIO=4&transport=polling&t=OEg9Cq3, con metodo GET "}
{"level":"warn","message":"Ruta actual: /socket.io/socket.io.js, con metodo GET "}
{"level":"warn","message":"Ruta actual: /styles/logo%20jpb%201.svg, con metodo GET "}
{"level":"warn","message":"Ruta actual: /socket.io/?EIO=4&transport=polling&t=OEg9E2V, con metodo GET "}
{"level":"warn","message":"Ruta actual: /socket.io/?EIO=4&transport=polling&t=OEg9FGw, con metodo GET "}
{"level":"warn","message":"Ruta actual: /socket.io/?EIO=4&transport=polling&t=OEg9GVL, con metodo GET "}
{"level":"warn","message":"Ruta actual: /socket.io/?EIO=4&transport=polling&t=OEg9Hjk, con metodo GET "}
{"level":"warn","message":"Ruta actual: /socket.io/?EIO=4&transport=polling&t=OEg9Iy6, con metodo GET "}
{"level":"warn","message":"Ruta actual: /socket.io/?EIO=4&transport=polling&t=OEg9KAc, con metodo GET "}
{"level":"warn","message":"Ruta actual: /socket.io/?EIO=4&transport=polling&t=OEg9LP3, con metodo GET "}
{"level":"warn","message":"Ruta actual: /socket.io/?EIO=4&transport=polling&t=OEg9MdM, con metodo GET "}
{"level":"warn","message":"Ruta actual: /socket.io/?EIO=4&transport=polling&t=OEg9Nrj, con metodo GET "}
{"level":"warn","message":"Ruta actual: /socket.io/?EIO=4&transport=polling&t=OEg9P3-, con metodo GET "}
{"level":"warn","message":"Ruta actual: /socket.io/?EIO=4&transport=polling&t=OEg9QIR, con metodo GET "}
{"level":"warn","message":"Ruta actual: /socket.io/?EIO=4&transport=polling&t=OEg9RWs, con metodo GET "}
{"level":"warn","message":"Ruta actual: /socket.io/?EIO=4&transport=polling&t=OEg9Sl9, con metodo GET "}
{"level":"warn","message":"Ruta actual: /socket.io/?EIO=4&transport=polling&t=OEg9TzR, con metodo GET "}
{"level":"warn","message":"Ruta actual: /socket.io/?EIO=4&transport=polling&t=OEg9VBm, con metodo GET "}
{"level":"warn","message":"Ruta actual: /socket.io/?EIO=4&transport=polling&t=OEg9WQC, con metodo GET "}
{"level":"warn","message":"Ruta actual: /socket.io/?EIO=4&transport=polling&t=OEg9Xed, con metodo GET "}
{"level":"warn","message":"Ruta actual: /socket.io/?EIO=4&transport=polling&t=OEg9Ysx, con metodo GET "}
{"level":"warn","message":"Ruta actual: /socket.io/?EIO=4&transport=polling&t=OEg9a5B, con metodo GET "}
{"level":"warn","message":"Ruta actual: /socket.io/?EIO=4&transport=polling&t=OEg9bJd, con metodo GET "}
{"level":"warn","message":"Ruta actual: /socket.io/?EIO=4&transport=polling&t=OEg9cY1, con metodo GET "}
{"level":"warn","message":"Ruta actual: /socket.io/?EIO=4&transport=polling&t=OEg9dmK, con metodo GET "}
{"level":"warn","message":"Ruta actual: /socket.io/?EIO=4&transport=polling&t=OEg9e-i, con metodo GET "}
{"level":"warn","message":"Ruta actual: /socket.io/?EIO=4&transport=polling&t=OEg9gCz, con metodo GET "}
{"level":"warn","message":"Ruta actual: /socket.io/?EIO=4&transport=polling&t=OEg9hRE, con metodo GET "}
{"level":"warn","message":"Ruta actual: /socket.io/?EIO=4&transport=polling&t=OEg9ifk, con metodo GET "}
{"level":"warn","message":"Ruta actual: /socket.io/?EIO=4&transport=polling&t=OEg9juC, con metodo GET "}
{"level":"warn","message":"Ruta actual: /socket.io/?EIO=4&transport=polling&t=OEg9l6S, con metodo GET "}
{"level":"warn","message":"Ruta actual: /socket.io/?EIO=4&transport=polling&t=OEg9mKl, con metodo GET "}
{"level":"warn","message":"Ruta actual: /socket.io/?EIO=4&transport=polling&t=OEg9nZ2, con metodo GET "}
{"level":"warn","message":"Ruta actual: /socket.io/?EIO=4&transport=polling&t=OEg9onS, con metodo GET "}
{"level":"warn","message":"Ruta actual: /socket.io/?EIO=4&transport=polling&t=OEg9p_v, con metodo GET "}
{"level":"warn","message":"Ruta actual: /socket.io/?EIO=4&transport=polling&t=OEg9rEI, con metodo GET "}
{"level":"warn","message":"Ruta actual: /socket.io/?EIO=4&transport=polling&t=OEg9sSm, con metodo GET "}
{"level":"warn","message":"Ruta actual: /socket.io/?EIO=4&transport=polling&t=OEg9thF, con metodo GET "}
{"level":"warn","message":"Ruta actual: /socket.io/socket.io.js, con metodo GET "}
{"level":"warn","message":"Ruta actual: /styles/logo%20jpb%201.svg, con metodo GET "}
{"level":"warn","message":"Ruta actual: /socket.io/?EIO=4&transport=polling&t=OEg9uvf, con metodo GET "}
{"level":"warn","message":"Ruta actual: /socket.io/?EIO=4&transport=polling&t=OEg9w87, con metodo GET "}
{"level":"warn","message":"Ruta actual: /socket.io/?EIO=4&transport=polling&t=OEg9xMO, con metodo GET "}
{"level":"warn","message":"Ruta actual: /socket.io/?EIO=4&transport=polling&t=OEg9yai, con metodo GET "}
{"level":"warn","message":"Ruta actual: /socket.io/?EIO=4&transport=polling&t=OEg9ztM, con metodo GET "}
{"level":"warn","message":"Ruta actual: /socket.io/?EIO=4&transport=polling&t=OEg9_5n, con metodo GET "}
{"level":"warn","message":"Ruta actual: /socket.io/?EIO=4&transport=polling&t=OEgA0KG, con metodo GET "}
{"level":"warn","message":"Ruta actual: /socket.io/?EIO=4&transport=polling&t=OEgA1Yh, con metodo GET "}
{"level":"error","message":"USUARIO NO AUTENTICADO, DEBE LOGUEARSE"}
{"level":"warn","message":"Ruta actual: /socket.io/socket.io.js, con metodo GET "}
{"level":"warn","message":"Ruta actual: /styles/logo%20jpb%201.svg, con metodo GET "}
{"level":"warn","message":"Ruta actual: /socket.io/socket.io.js, con metodo GET "}
{"level":"warn","message":"Ruta actual: /styles/logo%20jpb%201.svg, con metodo GET "}
{"level":"warn","message":"Ruta actual: /socket.io/socket.io.js, con metodo GET "}
{"level":"warn","message":"Ruta actual: /styles/logo%20jpb%201.svg, con metodo GET "}
{"level":"warn","message":"Ruta actual: /socket.io/?EIO=4&transport=polling&t=OEgA2mx, con metodo GET "}
{"level":"warn","message":"Ruta actual: /socket.io/?EIO=4&transport=polling&t=OEgA3_D, con metodo GET "}
{"level":"warn","message":"Ruta actual: /socket.io/?EIO=4&transport=polling&t=OEgA5DX, con metodo GET "}
{"level":"warn","message":"Ruta actual: /socket.io/?EIO=4&transport=polling&t=OEgA6S5, con metodo GET "}
{"level":"warn","message":"Ruta actual: /socket.io/?EIO=4&transport=polling&t=OEgA7gX, con metodo GET "}
{"level":"warn","message":"Ruta actual: /socket.io/?EIO=4&transport=polling&t=OEgA8u_, con metodo GET "}
{"level":"warn","message":"Ruta actual: /socket.io/?EIO=4&transport=polling&t=OEgAA7O, con metodo GET "}
{"level":"warn","message":"Ruta actual: /socket.io/?EIO=4&transport=polling&t=OEgABLl, con metodo GET "}
{"level":"warn","message":"Ruta actual: /socket.io/?EIO=4&transport=polling&t=OEgACaE, con metodo GET "}
{"level":"warn","message":"Ruta actual: /socket.io/?EIO=4&transport=polling&t=OEgADoe, con metodo GET "}
{"level":"warn","message":"Ruta actual: /socket.io/?EIO=4&transport=polling&t=OEgAF10, con metodo GET "}
{"level":"warn","message":"Ruta actual: /socket.io/?EIO=4&transport=polling&t=OEgAGFO, con metodo GET "}
{"level":"warn","message":"Ruta actual: /socket.io/?EIO=4&transport=polling&t=OEgAHTk, con metodo GET "}
{"level":"warn","message":"Ruta actual: /socket.io/?EIO=4&transport=polling&t=OEgAIiC, con metodo GET "}
{"level":"warn","message":"Ruta actual: /socket.io/?EIO=4&transport=polling&t=OEgAJwf, con metodo GET "}
{"level":"warn","message":"Ruta actual: /socket.io/?EIO=4&transport=polling&t=OEgAL92, con metodo GET "}
{"level":"warn","message":"Ruta actual: /socket.io/?EIO=4&transport=polling&t=OEgAMNV, con metodo GET "}
{"level":"warn","message":"Ruta actual: /socket.io/?EIO=4&transport=polling&t=OEgANbs, con metodo GET "}
{"level":"warn","message":"Ruta actual: /socket.io/?EIO=4&transport=polling&t=OEgAOqP, con metodo GET "}
{"level":"warn","message":"Ruta actual: /socket.io/?EIO=4&transport=polling&t=OEgAQ39, con metodo GET "}
{"level":"warn","message":"Ruta actual: /socket.io/?EIO=4&transport=polling&t=OEgARHh, con metodo GET "}
{"level":"warn","message":"Ruta actual: /socket.io/?EIO=4&transport=polling&t=OEgAVXb, con metodo GET "}
{"level":"warn","message":"Ruta actual: /socket.io/?EIO=4&transport=polling&t=OEgAXv0, con metodo GET "}
{"level":"warn","message":"Ruta actual: /socket.io/?EIO=4&transport=polling&t=OEgAZ8X, con metodo GET "}
{"level":"warn","message":"Ruta actual: /socket.io/?EIO=4&transport=polling&t=OEgAaNF, con metodo GET "}
{"level":"warn","message":"Ruta actual: /socket.io/?EIO=4&transport=polling&t=OEgAelR, con metodo GET "}
{"level":"error","message":"USUARIO NO AUTENTICADO, DEBE LOGUEARSE"}
{"level":"warn","message":"Ruta actual: /socket.io/socket.io.js, con metodo GET "}
{"level":"warn","message":"Ruta actual: /styles/logo%20jpb%201.svg, con metodo GET "}
{"level":"warn","message":"Ruta actual: /socket.io/socket.io.js, con metodo GET "}
{"level":"warn","message":"Ruta actual: /styles/logo%20jpb%201.svg, con metodo GET "}
{"level":"warn","message":"Ruta actual: /socket.io/?EIO=4&transport=polling&t=OEgAf-R, con metodo GET "}
{"level":"warn","message":"Ruta actual: /socket.io/socket.io.js, con metodo GET "}
{"level":"warn","message":"Ruta actual: /styles/logo%20jpb%201.svg, con metodo GET "}
{"level":"warn","message":"Ruta actual: /socket.io/?EIO=4&transport=polling&t=OEgAhCm, con metodo GET "}
{"level":"warn","message":"Ruta actual: /socket.io/?EIO=4&transport=polling&t=OEgAiR0, con metodo GET "}
{"level":"warn","message":"Ruta actual: /socket.io/?EIO=4&transport=polling&t=OEgAjfY, con metodo GET "}
{"level":"warn","message":"Ruta actual: /socket.io/?EIO=4&transport=polling&t=OEgAku1, con metodo GET "}
{"level":"warn","message":"Ruta actual: /socket.io/?EIO=4&transport=polling&t=OEgAm6U, con metodo GET "}
{"level":"warn","message":"Ruta actual: /socket.io/?EIO=4&transport=polling&t=OEgAnKl, con metodo GET "}
{"level":"warn","message":"Ruta actual: /socket.io/?EIO=4&transport=polling&t=OEgAoY_, con metodo GET "}
{"level":"warn","message":"Ruta actual: /socket.io/?EIO=4&transport=polling&t=OEgApnS, con metodo GET "}
{"level":"warn","message":"Ruta actual: /socket.io/?EIO=4&transport=polling&t=OEgAq_u, con metodo GET "}
{"level":"warn","message":"Ruta actual: /socket.io/?EIO=4&transport=polling&t=OEgAsEO, con metodo GET "}
{"level":"warn","message":"Ruta actual: /socket.io/?EIO=4&transport=polling&t=OEgAtSq, con metodo GET "}
{"level":"warn","message":"Ruta actual: /socket.io/?EIO=4&transport=polling&t=OEgAuhC, con metodo GET "}
{"level":"warn","message":"Ruta actual: /socket.io/?EIO=4&transport=polling&t=OEgAvvf, con metodo GET "}
{"level":"warn","message":"Ruta actual: /socket.io/?EIO=4&transport=polling&t=OEgAx83, con metodo GET "}
{"level":"warn","message":"Ruta actual: /socket.io/?EIO=4&transport=polling&t=OEgAyMg, con metodo GET "}
{"level":"warn","message":"Ruta actual: /socket.io/?EIO=4&transport=polling&t=OEgAzb1, con metodo GET "}
{"level":"warn","message":"Ruta actual: /socket.io/?EIO=4&transport=polling&t=OEgA-pS, con metodo GET "}
{"level":"warn","message":"Ruta actual: /socket.io/?EIO=4&transport=polling&t=OEgB01n, con metodo GET "}
{"level":"warn","message":"Ruta actual: /socket.io/?EIO=4&transport=polling&t=OEgB1GD, con metodo GET "}
{"level":"warn","message":"Ruta actual: /socket.io/?EIO=4&transport=polling&t=OEgB2Ul, con metodo GET "}
{"level":"warn","message":"Ruta actual: /socket.io/?EIO=4&transport=polling&t=OEgB3jE, con metodo GET "}
{"level":"warn","message":"Ruta actual: /socket.io/?EIO=4&transport=polling&t=OEgB4xk, con metodo GET "}
{"level":"warn","message":"Ruta actual: /socket.io/?EIO=4&transport=polling&t=OEgB6AE, con metodo GET "}
{"level":"warn","message":"Ruta actual: /socket.io/?EIO=4&transport=polling&t=OEgB7Oa, con metodo GET "}
{"level":"warn","message":"Ruta actual: /socket.io/?EIO=4&transport=polling&t=OEgB8cr, con metodo GET "}
{"level":"warn","message":"Ruta actual: /socket.io/?EIO=4&transport=polling&t=OEgB9rP, con metodo GET "}
{"level":"warn","message":"Ruta actual: /socket.io/?EIO=4&transport=polling&t=OEgBB3m, con metodo GET "}
{"level":"warn","message":"Ruta actual: /socket.io/?EIO=4&transport=polling&t=OEgBCI1, con metodo GET "}
{"level":"warn","message":"Ruta actual: /socket.io/?EIO=4&transport=polling&t=OEgBDWW, con metodo GET "}
{"level":"warn","message":"Ruta actual: /socket.io/?EIO=4&transport=polling&t=OEgBEkr, con metodo GET "}
{"level":"warn","message":"Ruta actual: /socket.io/?EIO=4&transport=polling&t=OEgBFz7, con metodo GET "}
{"level":"warn","message":"Ruta actual: /socket.io/?EIO=4&transport=polling&t=OEgBHBV, con metodo GET "}
{"level":"warn","message":"Ruta actual: /socket.io/?EIO=4&transport=polling&t=OEgBIPy, con metodo GET "}
{"level":"warn","message":"Ruta actual: /socket.io/?EIO=4&transport=polling&t=OEgBJeN, con metodo GET "}
{"level":"warn","message":"Ruta actual: /socket.io/?EIO=4&transport=polling&t=OEgBKss, con metodo GET "}
{"level":"warn","message":"Ruta actual: /socket.io/?EIO=4&transport=polling&t=OEgBM5K, con metodo GET "}
{"level":"warn","message":"Ruta actual: /socket.io/?EIO=4&transport=polling&t=OEgBNJc, con metodo GET "}
{"level":"warn","message":"Ruta actual: /socket.io/?EIO=4&transport=polling&t=OEgBOXs, con metodo GET "}
{"level":"warn","message":"Ruta actual: /socket.io/?EIO=4&transport=polling&t=OEgBPm8, con metodo GET "}
{"level":"warn","message":"Ruta actual: /socket.io/?EIO=4&transport=polling&t=OEgBQ-a, con metodo GET "}
{"level":"warn","message":"Ruta actual: /socket.io/?EIO=4&transport=polling&t=OEgBSCv, con metodo GET "}
{"level":"warn","message":"Ruta actual: /socket.io/?EIO=4&transport=polling&t=OEgBTRJ, con metodo GET "}
{"level":"warn","message":"Ruta actual: /socket.io/?EIO=4&transport=polling&t=OEgBUfk, con metodo GET "}
{"level":"warn","message":"Ruta actual: /socket.io/?EIO=4&transport=polling&t=OEgBVu4, con metodo GET "}
{"level":"warn","message":"Ruta actual: /socket.io/?EIO=4&transport=polling&t=OEgBX6N, con metodo GET "}
{"level":"warn","message":"Ruta actual: /socket.io/?EIO=4&transport=polling&t=OEgBYKl, con metodo GET "}
{"level":"warn","message":"Ruta actual: /socket.io/?EIO=4&transport=polling&t=OEgBZZ3, con metodo GET "}
{"level":"warn","message":"Ruta actual: /socket.io/?EIO=4&transport=polling&t=OEgBanX, con metodo GET "}
{"level":"warn","message":"Ruta actual: /socket.io/?EIO=4&transport=polling&t=OEgBb_r, con metodo GET "}
{"level":"warn","message":"Ruta actual: /socket.io/?EIO=4&transport=polling&t=OEgBdE5, con metodo GET "}
{"level":"warn","message":"Ruta actual: /socket.io/?EIO=4&transport=polling&t=OEgBeSc, con metodo GET "}
{"level":"warn","message":"Ruta actual: /socket.io/?EIO=4&transport=polling&t=OEgBfh3, con metodo GET "}
{"level":"warn","message":"Ruta actual: /socket.io/?EIO=4&transport=polling&t=OEgBgvT, con metodo GET "}
{"level":"warn","message":"Ruta actual: /socket.io/?EIO=4&transport=polling&t=OEgBi7m, con metodo GET "}
{"level":"warn","message":"Ruta actual: /socket.io/?EIO=4&transport=polling&t=OEgBjMA, con metodo GET "}
{"level":"warn","message":"Ruta actual: /socket.io/?EIO=4&transport=polling&t=OEgBkar, con metodo GET "}
{"level":"warn","message":"Ruta actual: /socket.io/?EIO=4&transport=polling&t=OEgBlpR, con metodo GET "}
{"level":"warn","message":"Ruta actual: /socket.io/?EIO=4&transport=polling&t=OEgBn1r, con metodo GET "}
{"level":"warn","message":"Ruta actual: /socket.io/?EIO=4&transport=polling&t=OEgBoGI, con metodo GET "}
{"level":"warn","message":"Ruta actual: /socket.io/?EIO=4&transport=polling&t=OEgBpUb, con metodo GET "}
{"level":"warn","message":"Ruta actual: /socket.io/?EIO=4&transport=polling&t=OEgBqoL, con metodo GET "}
{"level":"error","message":"USUARIO NO AUTENTICADO, DEBE LOGUEARSE"}
{"level":"warn","message":"Ruta actual: /socket.io/socket.io.js, con metodo GET "}
{"level":"warn","message":"Ruta actual: /styles/logo%20jpb%201.svg, con metodo GET "}
{"level":"warn","message":"Ruta actual: /socket.io/socket.io.js, con metodo GET "}
{"level":"warn","message":"Ruta actual: /styles/logo%20jpb%201.svg, con metodo GET "}
{"level":"warn","message":"Ruta actual: /socket.io/?EIO=4&transport=polling&t=OEgBs0w, con metodo GET "}
{"level":"warn","message":"Ruta actual: /socket.io/socket.io.js, con metodo GET "}
{"level":"warn","message":"Ruta actual: /styles/logo%20jpb%201.svg, con metodo GET "}
{"level":"warn","message":"Ruta actual: /socket.io/socket.io.js, con metodo GET "}
{"level":"warn","message":"Ruta actual: /styles/logo%20jpb%201.svg, con metodo GET "}
{"level":"warn","message":"Ruta actual: /socket.io/socket.io.js, con metodo GET "}
{"level":"warn","message":"Ruta actual: /styles/logo%20jpb%201.svg, con metodo GET "}
{"level":"warn","message":"Ruta actual: /socket.io/?EIO=4&transport=polling&t=OEgBtFE, con metodo GET "}
{"level":"warn","message":"Ruta actual: /socket.io/?EIO=4&transport=polling&t=OEgBuTg, con metodo GET "}
{"level":"warn","message":"Ruta actual: /socket.io/?EIO=4&transport=polling&t=OEgBvi8, con metodo GET "}
{"level":"warn","message":"Ruta actual: /socket.io/?EIO=4&transport=polling&t=OEgBwwV, con metodo GET "}
{"level":"warn","message":"Ruta actual: /socket.io/?EIO=4&transport=polling&t=OEgBy8v, con metodo GET "}
{"level":"warn","message":"Ruta actual: /socket.io/?EIO=4&transport=polling&t=OEgBzNL, con metodo GET "}
{"level":"warn","message":"Ruta actual: /socket.io/?EIO=4&transport=polling&t=OEgB-bh, con metodo GET "}
{"level":"warn","message":"Ruta actual: /socket.io/?EIO=4&transport=polling&t=OEgB_p-, con metodo GET "}
{"level":"warn","message":"Ruta actual: /socket.io/?EIO=4&transport=polling&t=OEgC12H, con metodo GET "}
{"level":"warn","message":"Ruta actual: /socket.io/?EIO=4&transport=polling&t=OEgC2Gn, con metodo GET "}
{"level":"warn","message":"Ruta actual: /socket.io/socket.io.js, con metodo GET "}
{"level":"warn","message":"Ruta actual: /styles/logo%20jpb%201.svg, con metodo GET "}
{"level":"warn","message":"Ruta actual: /socket.io/socket.io.js, con metodo GET "}
{"level":"warn","message":"Ruta actual: /styles/logo%20jpb%201.svg, con metodo GET "}
{"level":"warn","message":"Ruta actual: /socket.io/?EIO=4&transport=polling&t=OEgC3VC, con metodo GET "}
{"level":"warn","message":"Ruta actual: /socket.io/?EIO=4&transport=polling&t=OEgC4jb, con metodo GET "}
{"level":"error","message":"USUARIO NO AUTENTICADO, DEBE LOGUEARSE"}
{"level":"error","message":"USUARIO NO AUTENTICADO, DEBE LOGUEARSE"}
{"level":"warn","message":"Ruta actual: /styles/logo%20jpb%201.svg, con metodo GET "}
{"level":"warn","message":"Ruta actual: /styles/logo%20jpb%201.svg, con metodo GET "}
{"level":"warn","message":"Ruta actual: /styles/logo%20jpb%201.svg, con metodo GET "}
{"level":"warn","message":"Ruta actual: /styles/logo%20jpb%201.svg, con metodo GET "}
{"level":"error","message":"USUARIO NO AUTENTICADO, DEBE LOGUEARSE"}
{"level":"warn","message":"Ruta actual: /styles/logo%20jpb%201.svg, con metodo GET "}
{"level":"warn","message":"Ruta actual: /styles/logo%20jpb%201.svg, con metodo GET "}
{"level":"warn","message":"Ruta actual: /styles/logo%20jpb%201.svg, con metodo GET "}
{"level":"warn","message":"Ruta actual: /styles/logo%20jpb%201.svg, con metodo GET "}
{"level":"warn","message":"Ruta actual: /styles/logo%20jpb%201.svg, con metodo GET "}
{"level":"warn","message":"Ruta actual: /styles/logo%20jpb%201.svg, con metodo GET "}
